{"/home/renan/Documents/Works/nailuz/quake-parser-challenge/src/app/QuakeParser.ts": {"path":"/home/renan/Documents/Works/nailuz/quake-parser-challenge/src/app/QuakeParser.ts","statementMap":{"0":{"start":{"line":1,"column":0},"end":{"line":1,"column":37}},"1":{"start":{"line":2,"column":0},"end":{"line":2,"column":40}},"2":{"start":{"line":3,"column":0},"end":{"line":3,"column":30}},"3":{"start":{"line":4,"column":0},"end":{"line":4,"column":0}},"4":{"start":{"line":5,"column":0},"end":{"line":5,"column":19}},"5":{"start":{"line":6,"column":0},"end":{"line":6,"column":27}},"6":{"start":{"line":7,"column":0},"end":{"line":7,"column":29}},"7":{"start":{"line":8,"column":0},"end":{"line":8,"column":0}},"8":{"start":{"line":9,"column":0},"end":{"line":9,"column":40}},"9":{"start":{"line":10,"column":0},"end":{"line":10,"column":35}},"10":{"start":{"line":11,"column":0},"end":{"line":11,"column":37}},"11":{"start":{"line":12,"column":0},"end":{"line":12,"column":12}},"12":{"start":{"line":13,"column":0},"end":{"line":13,"column":25}},"13":{"start":{"line":14,"column":0},"end":{"line":14,"column":5}},"14":{"start":{"line":15,"column":0},"end":{"line":15,"column":3}},"15":{"start":{"line":16,"column":0},"end":{"line":16,"column":0}},"16":{"start":{"line":17,"column":0},"end":{"line":17,"column":26}},"17":{"start":{"line":18,"column":0},"end":{"line":18,"column":23}},"18":{"start":{"line":19,"column":0},"end":{"line":19,"column":3}},"19":{"start":{"line":20,"column":0},"end":{"line":20,"column":0}},"20":{"start":{"line":21,"column":0},"end":{"line":21,"column":23}},"21":{"start":{"line":22,"column":0},"end":{"line":22,"column":22}},"22":{"start":{"line":23,"column":0},"end":{"line":23,"column":3}},"23":{"start":{"line":24,"column":0},"end":{"line":24,"column":0}},"24":{"start":{"line":25,"column":0},"end":{"line":25,"column":27}},"25":{"start":{"line":26,"column":0},"end":{"line":26,"column":46}},"26":{"start":{"line":27,"column":0},"end":{"line":27,"column":3}},"27":{"start":{"line":28,"column":0},"end":{"line":28,"column":0}},"28":{"start":{"line":29,"column":0},"end":{"line":29,"column":30}},"29":{"start":{"line":30,"column":0},"end":{"line":30,"column":26}},"30":{"start":{"line":31,"column":0},"end":{"line":31,"column":3}},"31":{"start":{"line":32,"column":0},"end":{"line":32,"column":0}},"32":{"start":{"line":33,"column":0},"end":{"line":33,"column":15}},"33":{"start":{"line":34,"column":0},"end":{"line":34,"column":8}},"34":{"start":{"line":35,"column":0},"end":{"line":35,"column":71}},"35":{"start":{"line":36,"column":0},"end":{"line":36,"column":26}},"36":{"start":{"line":37,"column":0},"end":{"line":37,"column":24}},"37":{"start":{"line":38,"column":0},"end":{"line":38,"column":52}},"38":{"start":{"line":39,"column":0},"end":{"line":39,"column":33}},"39":{"start":{"line":40,"column":0},"end":{"line":40,"column":15}},"40":{"start":{"line":41,"column":0},"end":{"line":41,"column":29}},"41":{"start":{"line":42,"column":0},"end":{"line":42,"column":52}},"42":{"start":{"line":43,"column":0},"end":{"line":43,"column":42}},"43":{"start":{"line":44,"column":0},"end":{"line":44,"column":15}},"44":{"start":{"line":45,"column":0},"end":{"line":45,"column":32}},"45":{"start":{"line":46,"column":0},"end":{"line":46,"column":78}},"46":{"start":{"line":47,"column":0},"end":{"line":47,"column":45}},"47":{"start":{"line":48,"column":0},"end":{"line":48,"column":15}},"48":{"start":{"line":49,"column":0},"end":{"line":49,"column":37}},"49":{"start":{"line":50,"column":0},"end":{"line":50,"column":59}},"50":{"start":{"line":51,"column":0},"end":{"line":51,"column":50}},"51":{"start":{"line":52,"column":0},"end":{"line":52,"column":15}},"52":{"start":{"line":53,"column":0},"end":{"line":53,"column":20}},"53":{"start":{"line":54,"column":0},"end":{"line":54,"column":58}},"54":{"start":{"line":55,"column":0},"end":{"line":55,"column":33}},"55":{"start":{"line":56,"column":0},"end":{"line":56,"column":15}},"56":{"start":{"line":57,"column":0},"end":{"line":57,"column":16}},"57":{"start":{"line":58,"column":0},"end":{"line":58,"column":15}},"58":{"start":{"line":59,"column":0},"end":{"line":59,"column":7}},"59":{"start":{"line":60,"column":0},"end":{"line":60,"column":26}},"60":{"start":{"line":61,"column":0},"end":{"line":61,"column":31}},"61":{"start":{"line":62,"column":0},"end":{"line":62,"column":3}},"62":{"start":{"line":63,"column":0},"end":{"line":63,"column":0}},"63":{"start":{"line":64,"column":0},"end":{"line":64,"column":56}},"64":{"start":{"line":65,"column":0},"end":{"line":65,"column":60}},"65":{"start":{"line":66,"column":0},"end":{"line":66,"column":30}},"66":{"start":{"line":67,"column":0},"end":{"line":67,"column":3}},"67":{"start":{"line":68,"column":0},"end":{"line":68,"column":0}},"68":{"start":{"line":69,"column":0},"end":{"line":69,"column":28}},"69":{"start":{"line":70,"column":0},"end":{"line":70,"column":41}},"70":{"start":{"line":71,"column":0},"end":{"line":71,"column":38}},"71":{"start":{"line":72,"column":0},"end":{"line":72,"column":3}},"72":{"start":{"line":73,"column":0},"end":{"line":73,"column":0}},"73":{"start":{"line":74,"column":0},"end":{"line":74,"column":45}},"74":{"start":{"line":75,"column":0},"end":{"line":75,"column":48}},"75":{"start":{"line":76,"column":0},"end":{"line":76,"column":40}},"76":{"start":{"line":77,"column":0},"end":{"line":77,"column":3}},"77":{"start":{"line":78,"column":0},"end":{"line":78,"column":0}},"78":{"start":{"line":79,"column":0},"end":{"line":79,"column":42}},"79":{"start":{"line":80,"column":0},"end":{"line":80,"column":25}},"80":{"start":{"line":81,"column":0},"end":{"line":81,"column":35}},"81":{"start":{"line":82,"column":0},"end":{"line":82,"column":18}},"82":{"start":{"line":83,"column":0},"end":{"line":83,"column":54}},"83":{"start":{"line":84,"column":0},"end":{"line":84,"column":5}},"84":{"start":{"line":85,"column":0},"end":{"line":85,"column":28}},"85":{"start":{"line":86,"column":0},"end":{"line":86,"column":3}},"86":{"start":{"line":87,"column":0},"end":{"line":87,"column":0}},"87":{"start":{"line":88,"column":0},"end":{"line":88,"column":53}},"88":{"start":{"line":89,"column":0},"end":{"line":89,"column":42}},"89":{"start":{"line":90,"column":0},"end":{"line":90,"column":46}},"90":{"start":{"line":91,"column":0},"end":{"line":91,"column":47}},"91":{"start":{"line":92,"column":0},"end":{"line":92,"column":3}},"92":{"start":{"line":93,"column":0},"end":{"line":93,"column":0}},"93":{"start":{"line":94,"column":0},"end":{"line":94,"column":44}},"94":{"start":{"line":95,"column":0},"end":{"line":95,"column":41}},"95":{"start":{"line":96,"column":0},"end":{"line":96,"column":35}},"96":{"start":{"line":97,"column":0},"end":{"line":97,"column":18}},"97":{"start":{"line":98,"column":0},"end":{"line":98,"column":56}},"98":{"start":{"line":99,"column":0},"end":{"line":99,"column":5}},"99":{"start":{"line":100,"column":0},"end":{"line":100,"column":20}},"100":{"start":{"line":101,"column":0},"end":{"line":101,"column":3}},"101":{"start":{"line":102,"column":0},"end":{"line":102,"column":0}},"102":{"start":{"line":103,"column":0},"end":{"line":103,"column":48}},"103":{"start":{"line":104,"column":0},"end":{"line":104,"column":42}},"104":{"start":{"line":105,"column":0},"end":{"line":105,"column":37}},"105":{"start":{"line":106,"column":0},"end":{"line":106,"column":3}},"106":{"start":{"line":107,"column":0},"end":{"line":107,"column":0}},"107":{"start":{"line":108,"column":0},"end":{"line":108,"column":36}},"108":{"start":{"line":109,"column":0},"end":{"line":109,"column":72}},"109":{"start":{"line":110,"column":0},"end":{"line":110,"column":27}},"110":{"start":{"line":111,"column":0},"end":{"line":111,"column":51}},"111":{"start":{"line":112,"column":0},"end":{"line":112,"column":12}},"112":{"start":{"line":113,"column":0},"end":{"line":113,"column":60}},"113":{"start":{"line":114,"column":0},"end":{"line":114,"column":5}},"114":{"start":{"line":115,"column":0},"end":{"line":115,"column":3}},"115":{"start":{"line":116,"column":0},"end":{"line":116,"column":0}},"116":{"start":{"line":117,"column":0},"end":{"line":117,"column":48}},"117":{"start":{"line":118,"column":0},"end":{"line":118,"column":24}},"118":{"start":{"line":119,"column":0},"end":{"line":119,"column":36}},"119":{"start":{"line":120,"column":0},"end":{"line":120,"column":26}},"120":{"start":{"line":121,"column":0},"end":{"line":121,"column":59}},"121":{"start":{"line":122,"column":0},"end":{"line":122,"column":5}},"122":{"start":{"line":123,"column":0},"end":{"line":123,"column":46}},"123":{"start":{"line":124,"column":0},"end":{"line":124,"column":62}},"124":{"start":{"line":125,"column":0},"end":{"line":125,"column":3}},"125":{"start":{"line":126,"column":0},"end":{"line":126,"column":0}},"126":{"start":{"line":127,"column":0},"end":{"line":127,"column":23}},"127":{"start":{"line":128,"column":0},"end":{"line":128,"column":67}},"128":{"start":{"line":129,"column":0},"end":{"line":129,"column":5}},"129":{"start":{"line":130,"column":0},"end":{"line":130,"column":55}},"130":{"start":{"line":131,"column":0},"end":{"line":131,"column":3}},"131":{"start":{"line":132,"column":0},"end":{"line":132,"column":0}},"132":{"start":{"line":133,"column":0},"end":{"line":133,"column":35}},"133":{"start":{"line":134,"column":0},"end":{"line":134,"column":67}},"134":{"start":{"line":135,"column":0},"end":{"line":135,"column":5}},"135":{"start":{"line":136,"column":0},"end":{"line":136,"column":54}},"136":{"start":{"line":137,"column":0},"end":{"line":137,"column":3}},"137":{"start":{"line":138,"column":0},"end":{"line":138,"column":0}},"138":{"start":{"line":139,"column":0},"end":{"line":139,"column":74}},"139":{"start":{"line":140,"column":0},"end":{"line":140,"column":55}},"140":{"start":{"line":141,"column":0},"end":{"line":141,"column":34}},"141":{"start":{"line":142,"column":0},"end":{"line":142,"column":7}},"142":{"start":{"line":143,"column":0},"end":{"line":143,"column":67}},"143":{"start":{"line":144,"column":0},"end":{"line":144,"column":46}},"144":{"start":{"line":145,"column":0},"end":{"line":145,"column":49}},"145":{"start":{"line":146,"column":0},"end":{"line":146,"column":52}},"146":{"start":{"line":147,"column":0},"end":{"line":147,"column":41}},"147":{"start":{"line":148,"column":0},"end":{"line":148,"column":14}},"148":{"start":{"line":149,"column":0},"end":{"line":149,"column":40}},"149":{"start":{"line":150,"column":0},"end":{"line":150,"column":7}},"150":{"start":{"line":151,"column":0},"end":{"line":151,"column":17}},"151":{"start":{"line":152,"column":0},"end":{"line":152,"column":10}},"152":{"start":{"line":153,"column":0},"end":{"line":153,"column":55}},"153":{"start":{"line":154,"column":0},"end":{"line":154,"column":64}},"154":{"start":{"line":155,"column":0},"end":{"line":155,"column":64}},"155":{"start":{"line":156,"column":0},"end":{"line":156,"column":57}},"156":{"start":{"line":157,"column":0},"end":{"line":157,"column":24}},"157":{"start":{"line":158,"column":0},"end":{"line":158,"column":3}},"158":{"start":{"line":159,"column":0},"end":{"line":159,"column":0}},"159":{"start":{"line":160,"column":0},"end":{"line":160,"column":41}},"160":{"start":{"line":161,"column":0},"end":{"line":161,"column":34}},"161":{"start":{"line":162,"column":0},"end":{"line":162,"column":34}},"162":{"start":{"line":163,"column":0},"end":{"line":163,"column":53}},"163":{"start":{"line":164,"column":0},"end":{"line":164,"column":44}},"164":{"start":{"line":165,"column":0},"end":{"line":165,"column":3}},"165":{"start":{"line":166,"column":0},"end":{"line":166,"column":0}},"166":{"start":{"line":167,"column":0},"end":{"line":167,"column":49}},"167":{"start":{"line":168,"column":0},"end":{"line":168,"column":34}},"168":{"start":{"line":169,"column":0},"end":{"line":169,"column":42}},"169":{"start":{"line":170,"column":0},"end":{"line":170,"column":53}},"170":{"start":{"line":171,"column":0},"end":{"line":171,"column":44}},"171":{"start":{"line":172,"column":0},"end":{"line":172,"column":3}},"172":{"start":{"line":173,"column":0},"end":{"line":173,"column":0}},"173":{"start":{"line":174,"column":0},"end":{"line":174,"column":51}},"174":{"start":{"line":175,"column":0},"end":{"line":175,"column":65}},"175":{"start":{"line":176,"column":0},"end":{"line":176,"column":0}},"176":{"start":{"line":177,"column":0},"end":{"line":177,"column":51}},"177":{"start":{"line":178,"column":0},"end":{"line":178,"column":43}},"178":{"start":{"line":179,"column":0},"end":{"line":179,"column":47}},"179":{"start":{"line":180,"column":0},"end":{"line":180,"column":34}},"180":{"start":{"line":181,"column":0},"end":{"line":181,"column":16}},"181":{"start":{"line":182,"column":0},"end":{"line":182,"column":33}},"182":{"start":{"line":183,"column":0},"end":{"line":183,"column":9}},"183":{"start":{"line":184,"column":0},"end":{"line":184,"column":8}},"184":{"start":{"line":185,"column":0},"end":{"line":185,"column":17}},"185":{"start":{"line":186,"column":0},"end":{"line":186,"column":10}},"186":{"start":{"line":187,"column":0},"end":{"line":187,"column":42}},"187":{"start":{"line":188,"column":0},"end":{"line":188,"column":38}},"188":{"start":{"line":189,"column":0},"end":{"line":189,"column":51}},"189":{"start":{"line":190,"column":0},"end":{"line":190,"column":57}},"190":{"start":{"line":191,"column":0},"end":{"line":191,"column":24}},"191":{"start":{"line":192,"column":0},"end":{"line":192,"column":3}},"192":{"start":{"line":193,"column":0},"end":{"line":193,"column":0}},"193":{"start":{"line":194,"column":0},"end":{"line":194,"column":34}},"194":{"start":{"line":195,"column":0},"end":{"line":195,"column":22}},"195":{"start":{"line":196,"column":0},"end":{"line":196,"column":37}},"196":{"start":{"line":197,"column":0},"end":{"line":197,"column":45}},"197":{"start":{"line":198,"column":0},"end":{"line":198,"column":3}},"198":{"start":{"line":199,"column":0},"end":{"line":199,"column":1}},"199":{"start":{"line":200,"column":0},"end":{"line":200,"column":0}},"200":{"start":{"line":201,"column":0},"end":{"line":201,"column":26}}},"s":{"0":1,"1":1,"2":1,"3":1,"4":1,"5":1,"6":1,"7":1,"8":1,"9":8,"10":0,"11":0,"12":0,"13":0,"14":8,"15":1,"16":1,"17":5,"18":5,"19":1,"20":1,"21":4,"22":4,"23":1,"24":1,"25":241,"26":241,"27":1,"28":1,"29":2020,"30":2020,"31":1,"32":1,"33":1,"34":1010,"35":1010,"36":1010,"37":6,"38":6,"39":6,"40":1010,"41":22,"42":22,"43":22,"44":1010,"45":7,"46":7,"47":7,"48":1010,"49":39,"50":39,"51":39,"52":1010,"53":163,"54":163,"55":163,"56":1010,"57":773,"58":1010,"59":1010,"60":1,"61":1,"62":1,"63":1,"64":1012,"65":1012,"66":1012,"67":1,"68":1,"69":12,"70":12,"71":12,"72":1,"73":1,"74":24,"75":24,"76":24,"77":1,"78":1,"79":71,"80":71,"81":71,"82":0,"83":0,"84":71,"85":71,"86":1,"87":1,"88":39,"89":39,"90":39,"91":39,"92":1,"93":1,"94":39,"95":39,"96":39,"97":0,"98":0,"99":39,"100":39,"101":1,"102":1,"103":7,"104":7,"105":7,"106":1,"107":1,"108":163,"109":163,"110":123,"111":123,"112":123,"113":123,"114":163,"115":1,"116":1,"117":163,"118":163,"119":163,"120":0,"121":0,"122":163,"123":163,"124":163,"125":1,"126":1,"127":1,"128":1,"129":1,"130":1,"131":1,"132":1,"133":1,"134":1,"135":1,"136":1,"137":1,"138":1,"139":0,"140":0,"141":0,"142":0,"143":0,"144":0,"145":0,"146":0,"147":0,"148":0,"149":0,"150":0,"151":0,"152":0,"153":0,"154":0,"155":0,"156":0,"157":0,"158":1,"159":1,"160":0,"161":0,"162":0,"163":0,"164":0,"165":1,"166":1,"167":0,"168":0,"169":0,"170":0,"171":0,"172":1,"173":1,"174":2,"175":2,"176":2,"177":12,"178":48,"179":14,"180":14,"181":14,"182":14,"183":48,"184":12,"185":2,"186":2,"187":2,"188":2,"189":2,"190":2,"191":2,"192":1,"193":1,"194":1,"195":1,"196":1,"197":1,"198":1,"199":1,"200":1},"branchMap":{"0":{"type":"branch","line":201,"loc":{"start":{"line":201,"column":26},"end":{"line":201,"column":26}},"locations":[{"start":{"line":201,"column":26},"end":{"line":201,"column":26}}]},"1":{"type":"branch","line":201,"loc":{"start":{"line":201,"column":26},"end":{"line":201,"column":26}},"locations":[{"start":{"line":201,"column":26},"end":{"line":201,"column":26}}]},"2":{"type":"branch","line":201,"loc":{"start":{"line":201,"column":26},"end":{"line":201,"column":26}},"locations":[{"start":{"line":201,"column":26},"end":{"line":201,"column":26}}]},"3":{"type":"branch","line":7,"loc":{"start":{"line":7,"column":10},"end":{"line":7,"column":29}},"locations":[{"start":{"line":7,"column":10},"end":{"line":7,"column":29}}]},"4":{"type":"branch","line":9,"loc":{"start":{"line":9,"column":2},"end":{"line":15,"column":3}},"locations":[{"start":{"line":9,"column":2},"end":{"line":15,"column":3}}]},"5":{"type":"branch","line":10,"loc":{"start":{"line":10,"column":4},"end":{"line":14,"column":5}},"locations":[{"start":{"line":10,"column":4},"end":{"line":14,"column":5}}]},"6":{"type":"branch","line":17,"loc":{"start":{"line":17,"column":2},"end":{"line":19,"column":3}},"locations":[{"start":{"line":17,"column":2},"end":{"line":19,"column":3}}]},"7":{"type":"branch","line":21,"loc":{"start":{"line":21,"column":2},"end":{"line":23,"column":3}},"locations":[{"start":{"line":21,"column":2},"end":{"line":23,"column":3}}]},"8":{"type":"branch","line":25,"loc":{"start":{"line":25,"column":2},"end":{"line":27,"column":3}},"locations":[{"start":{"line":25,"column":2},"end":{"line":27,"column":3}}]},"9":{"type":"branch","line":29,"loc":{"start":{"line":29,"column":2},"end":{"line":31,"column":3}},"locations":[{"start":{"line":29,"column":2},"end":{"line":31,"column":3}}]},"10":{"type":"branch","line":33,"loc":{"start":{"line":33,"column":2},"end":{"line":62,"column":3}},"locations":[{"start":{"line":33,"column":2},"end":{"line":62,"column":3}}]},"11":{"type":"branch","line":34,"loc":{"start":{"line":34,"column":7},"end":{"line":61,"column":13}},"locations":[{"start":{"line":34,"column":7},"end":{"line":61,"column":13}}]},"12":{"type":"branch","line":37,"loc":{"start":{"line":37,"column":8},"end":{"line":40,"column":15}},"locations":[{"start":{"line":37,"column":8},"end":{"line":40,"column":15}}]},"13":{"type":"branch","line":41,"loc":{"start":{"line":41,"column":8},"end":{"line":44,"column":15}},"locations":[{"start":{"line":41,"column":8},"end":{"line":44,"column":15}}]},"14":{"type":"branch","line":45,"loc":{"start":{"line":45,"column":8},"end":{"line":48,"column":15}},"locations":[{"start":{"line":45,"column":8},"end":{"line":48,"column":15}}]},"15":{"type":"branch","line":49,"loc":{"start":{"line":49,"column":8},"end":{"line":52,"column":15}},"locations":[{"start":{"line":49,"column":8},"end":{"line":52,"column":15}}]},"16":{"type":"branch","line":53,"loc":{"start":{"line":53,"column":8},"end":{"line":56,"column":15}},"locations":[{"start":{"line":53,"column":8},"end":{"line":56,"column":15}}]},"17":{"type":"branch","line":57,"loc":{"start":{"line":57,"column":8},"end":{"line":58,"column":15}},"locations":[{"start":{"line":57,"column":8},"end":{"line":58,"column":15}}]},"18":{"type":"branch","line":64,"loc":{"start":{"line":64,"column":2},"end":{"line":67,"column":3}},"locations":[{"start":{"line":64,"column":2},"end":{"line":67,"column":3}}]},"19":{"type":"branch","line":69,"loc":{"start":{"line":69,"column":2},"end":{"line":72,"column":3}},"locations":[{"start":{"line":69,"column":2},"end":{"line":72,"column":3}}]},"20":{"type":"branch","line":74,"loc":{"start":{"line":74,"column":2},"end":{"line":77,"column":3}},"locations":[{"start":{"line":74,"column":2},"end":{"line":77,"column":3}}]},"21":{"type":"branch","line":79,"loc":{"start":{"line":79,"column":2},"end":{"line":86,"column":3}},"locations":[{"start":{"line":79,"column":2},"end":{"line":86,"column":3}}]},"22":{"type":"branch","line":82,"loc":{"start":{"line":82,"column":17},"end":{"line":84,"column":5}},"locations":[{"start":{"line":82,"column":17},"end":{"line":84,"column":5}}]},"23":{"type":"branch","line":88,"loc":{"start":{"line":88,"column":2},"end":{"line":92,"column":3}},"locations":[{"start":{"line":88,"column":2},"end":{"line":92,"column":3}}]},"24":{"type":"branch","line":94,"loc":{"start":{"line":94,"column":2},"end":{"line":101,"column":3}},"locations":[{"start":{"line":94,"column":2},"end":{"line":101,"column":3}}]},"25":{"type":"branch","line":97,"loc":{"start":{"line":97,"column":17},"end":{"line":99,"column":5}},"locations":[{"start":{"line":97,"column":17},"end":{"line":99,"column":5}}]},"26":{"type":"branch","line":103,"loc":{"start":{"line":103,"column":2},"end":{"line":106,"column":3}},"locations":[{"start":{"line":103,"column":2},"end":{"line":106,"column":3}}]},"27":{"type":"branch","line":108,"loc":{"start":{"line":108,"column":2},"end":{"line":115,"column":3}},"locations":[{"start":{"line":108,"column":2},"end":{"line":115,"column":3}}]},"28":{"type":"branch","line":110,"loc":{"start":{"line":110,"column":26},"end":{"line":112,"column":11}},"locations":[{"start":{"line":110,"column":26},"end":{"line":112,"column":11}}]},"29":{"type":"branch","line":110,"loc":{"start":{"line":110,"column":4},"end":{"line":114,"column":5}},"locations":[{"start":{"line":110,"column":4},"end":{"line":114,"column":5}}]},"30":{"type":"branch","line":117,"loc":{"start":{"line":117,"column":2},"end":{"line":125,"column":3}},"locations":[{"start":{"line":117,"column":2},"end":{"line":125,"column":3}}]},"31":{"type":"branch","line":120,"loc":{"start":{"line":120,"column":25},"end":{"line":122,"column":5}},"locations":[{"start":{"line":120,"column":25},"end":{"line":122,"column":5}}]},"32":{"type":"branch","line":127,"loc":{"start":{"line":127,"column":2},"end":{"line":131,"column":3}},"locations":[{"start":{"line":127,"column":2},"end":{"line":131,"column":3}}]},"33":{"type":"branch","line":130,"loc":{"start":{"line":130,"column":28},"end":{"line":130,"column":55}},"locations":[{"start":{"line":130,"column":28},"end":{"line":130,"column":55}}]},"34":{"type":"branch","line":133,"loc":{"start":{"line":133,"column":2},"end":{"line":137,"column":3}},"locations":[{"start":{"line":133,"column":2},"end":{"line":137,"column":3}}]},"35":{"type":"branch","line":136,"loc":{"start":{"line":136,"column":28},"end":{"line":136,"column":54}},"locations":[{"start":{"line":136,"column":28},"end":{"line":136,"column":54}}]},"36":{"type":"branch","line":174,"loc":{"start":{"line":174,"column":2},"end":{"line":192,"column":3}},"locations":[{"start":{"line":174,"column":2},"end":{"line":192,"column":3}}]},"37":{"type":"branch","line":175,"loc":{"start":{"line":175,"column":40},"end":{"line":175,"column":65}},"locations":[{"start":{"line":175,"column":40},"end":{"line":175,"column":65}}]},"38":{"type":"branch","line":177,"loc":{"start":{"line":177,"column":34},"end":{"line":186,"column":7}},"locations":[{"start":{"line":177,"column":34},"end":{"line":186,"column":7}}]},"39":{"type":"branch","line":178,"loc":{"start":{"line":178,"column":33},"end":{"line":184,"column":8}},"locations":[{"start":{"line":178,"column":33},"end":{"line":184,"column":8}}]},"40":{"type":"branch","line":179,"loc":{"start":{"line":179,"column":46},"end":{"line":181,"column":15}},"locations":[{"start":{"line":179,"column":46},"end":{"line":181,"column":15}}]},"41":{"type":"branch","line":179,"loc":{"start":{"line":179,"column":8},"end":{"line":183,"column":9}},"locations":[{"start":{"line":179,"column":8},"end":{"line":183,"column":9}}]},"42":{"type":"branch","line":188,"loc":{"start":{"line":188,"column":12},"end":{"line":188,"column":35}},"locations":[{"start":{"line":188,"column":12},"end":{"line":188,"column":35}}]},"43":{"type":"branch","line":190,"loc":{"start":{"line":190,"column":14},"end":{"line":190,"column":15}},"locations":[{"start":{"line":190,"column":14},"end":{"line":190,"column":15}}]},"44":{"type":"branch","line":194,"loc":{"start":{"line":194,"column":2},"end":{"line":198,"column":3}},"locations":[{"start":{"line":194,"column":2},"end":{"line":198,"column":3}}]},"45":{"type":"branch","line":196,"loc":{"start":{"line":196,"column":12},"end":{"line":196,"column":37}},"locations":[{"start":{"line":196,"column":12},"end":{"line":196,"column":37}}]},"46":{"type":"branch","line":197,"loc":{"start":{"line":197,"column":14},"end":{"line":197,"column":43}},"locations":[{"start":{"line":197,"column":14},"end":{"line":197,"column":43}}]}},"b":{"0":[1],"1":[1],"2":[0],"3":[8],"4":[8],"5":[0],"6":[5],"7":[4],"8":[241],"9":[2020],"10":[1],"11":[1010],"12":[6],"13":[22],"14":[7],"15":[39],"16":[163],"17":[773],"18":[1012],"19":[12],"20":[24],"21":[71],"22":[0],"23":[39],"24":[39],"25":[0],"26":[7],"27":[163],"28":[40],"29":[123],"30":[163],"31":[0],"32":[1],"33":[6],"34":[1],"35":[6],"36":[2],"37":[12],"38":[12],"39":[48],"40":[34],"41":[14],"42":[24],"43":[14],"44":[1],"45":[6],"46":[6]},"fnMap":{"0":{"name":"_interopRequireDefault","decl":{"start":{"line":201,"column":26},"end":{"line":201,"column":26}},"loc":{"start":{"line":201,"column":26},"end":{"line":201,"column":26}},"line":201},"1":{"name":"<instance_members_initializer>","decl":{"start":{"line":7,"column":10},"end":{"line":7,"column":29}},"loc":{"start":{"line":7,"column":10},"end":{"line":7,"column":29}},"line":7},"2":{"name":"QuakeParser","decl":{"start":{"line":9,"column":2},"end":{"line":15,"column":3}},"loc":{"start":{"line":9,"column":2},"end":{"line":15,"column":3}},"line":9},"3":{"name":"get events","decl":{"start":{"line":17,"column":2},"end":{"line":19,"column":3}},"loc":{"start":{"line":17,"column":2},"end":{"line":19,"column":3}},"line":17},"4":{"name":"get games","decl":{"start":{"line":21,"column":2},"end":{"line":23,"column":3}},"loc":{"start":{"line":21,"column":2},"end":{"line":23,"column":3}},"line":21},"5":{"name":"get currentGame","decl":{"start":{"line":25,"column":2},"end":{"line":27,"column":3}},"loc":{"start":{"line":25,"column":2},"end":{"line":27,"column":3}},"line":25},"6":{"name":"get currentEvent","decl":{"start":{"line":29,"column":2},"end":{"line":31,"column":3}},"loc":{"start":{"line":29,"column":2},"end":{"line":31,"column":3}},"line":29},"7":{"name":"run","decl":{"start":{"line":33,"column":2},"end":{"line":62,"column":3}},"loc":{"start":{"line":33,"column":2},"end":{"line":62,"column":3}},"line":33},"8":{"name":"eventSplitter","decl":{"start":{"line":64,"column":2},"end":{"line":67,"column":3}},"loc":{"start":{"line":64,"column":2},"end":{"line":67,"column":3}},"line":64},"9":{"name":"initGameOperator","decl":{"start":{"line":69,"column":2},"end":{"line":72,"column":3}},"loc":{"start":{"line":69,"column":2},"end":{"line":72,"column":3}},"line":69},"10":{"name":"clientConnectOperator","decl":{"start":{"line":74,"column":2},"end":{"line":77,"column":3}},"loc":{"start":{"line":74,"column":2},"end":{"line":77,"column":3}},"line":74},"11":{"name":"findFirstIdValid","decl":{"start":{"line":79,"column":2},"end":{"line":86,"column":3}},"loc":{"start":{"line":79,"column":2},"end":{"line":86,"column":3}},"line":79},"12":{"name":"clientUserinfoChangedOperator","decl":{"start":{"line":88,"column":2},"end":{"line":92,"column":3}},"loc":{"start":{"line":88,"column":2},"end":{"line":92,"column":3}},"line":88},"13":{"name":"findFirstNameValid","decl":{"start":{"line":94,"column":2},"end":{"line":101,"column":3}},"loc":{"start":{"line":94,"column":2},"end":{"line":101,"column":3}},"line":94},"14":{"name":"clientDisconnectOperator","decl":{"start":{"line":103,"column":2},"end":{"line":106,"column":3}},"loc":{"start":{"line":103,"column":2},"end":{"line":106,"column":3}},"line":103},"15":{"name":"killOperator","decl":{"start":{"line":108,"column":2},"end":{"line":115,"column":3}},"loc":{"start":{"line":108,"column":2},"end":{"line":115,"column":3}},"line":108},"16":{"name":"findTwoFirstsIdValid","decl":{"start":{"line":117,"column":2},"end":{"line":125,"column":3}},"loc":{"start":{"line":117,"column":2},"end":{"line":125,"column":3}},"line":117},"17":{"name":"get results","decl":{"start":{"line":127,"column":2},"end":{"line":131,"column":3}},"loc":{"start":{"line":127,"column":2},"end":{"line":131,"column":3}},"line":127},"18":{"name":"get resultsWithHistoric","decl":{"start":{"line":133,"column":2},"end":{"line":137,"column":3}},"loc":{"start":{"line":133,"column":2},"end":{"line":137,"column":3}},"line":133},"19":{"name":"rankingFormatter","decl":{"start":{"line":139,"column":10},"end":{"line":158,"column":3}},"loc":{"start":{"line":139,"column":10},"end":{"line":158,"column":3}},"line":139},"20":{"name":"get ranking","decl":{"start":{"line":160,"column":2},"end":{"line":165,"column":3}},"loc":{"start":{"line":160,"column":2},"end":{"line":165,"column":3}},"line":160},"21":{"name":"get historicRanking","decl":{"start":{"line":167,"column":2},"end":{"line":172,"column":3}},"loc":{"start":{"line":167,"column":2},"end":{"line":172,"column":3}},"line":167},"22":{"name":"get rankingKillByMean","decl":{"start":{"line":174,"column":2},"end":{"line":192,"column":3}},"loc":{"start":{"line":174,"column":2},"end":{"line":192,"column":3}},"line":174},"23":{"name":"get killFromAllGames","decl":{"start":{"line":194,"column":2},"end":{"line":198,"column":3}},"loc":{"start":{"line":194,"column":2},"end":{"line":198,"column":3}},"line":194}},"f":{"0":1,"1":8,"2":8,"3":5,"4":4,"5":241,"6":2020,"7":1,"8":1012,"9":12,"10":24,"11":71,"12":39,"13":39,"14":7,"15":163,"16":163,"17":1,"18":1,"19":0,"20":0,"21":0,"22":2,"23":1}}
,"/home/renan/Documents/Works/nailuz/quake-parser-challenge/src/app/components/Games.ts": {"path":"/home/renan/Documents/Works/nailuz/quake-parser-challenge/src/app/components/Games.ts","statementMap":{"0":{"start":{"line":1,"column":0},"end":{"line":1,"column":55}},"1":{"start":{"line":2,"column":0},"end":{"line":2,"column":29}},"2":{"start":{"line":3,"column":0},"end":{"line":3,"column":40}},"3":{"start":{"line":4,"column":0},"end":{"line":4,"column":0}},"4":{"start":{"line":5,"column":0},"end":{"line":5,"column":12}},"5":{"start":{"line":6,"column":0},"end":{"line":6,"column":21}},"6":{"start":{"line":7,"column":0},"end":{"line":7,"column":26}},"7":{"start":{"line":8,"column":0},"end":{"line":8,"column":29}},"8":{"start":{"line":9,"column":0},"end":{"line":9,"column":33}},"9":{"start":{"line":10,"column":0},"end":{"line":10,"column":45}},"10":{"start":{"line":11,"column":0},"end":{"line":11,"column":0}},"11":{"start":{"line":12,"column":0},"end":{"line":12,"column":27}},"12":{"start":{"line":13,"column":0},"end":{"line":13,"column":17}},"13":{"start":{"line":14,"column":0},"end":{"line":14,"column":24}},"14":{"start":{"line":15,"column":0},"end":{"line":15,"column":25}},"15":{"start":{"line":16,"column":0},"end":{"line":16,"column":3}},"16":{"start":{"line":17,"column":0},"end":{"line":17,"column":0}},"17":{"start":{"line":18,"column":0},"end":{"line":18,"column":20}},"18":{"start":{"line":19,"column":0},"end":{"line":19,"column":19}},"19":{"start":{"line":20,"column":0},"end":{"line":20,"column":3}},"20":{"start":{"line":21,"column":0},"end":{"line":21,"column":0}},"21":{"start":{"line":22,"column":0},"end":{"line":22,"column":31}},"22":{"start":{"line":23,"column":0},"end":{"line":23,"column":31}},"23":{"start":{"line":24,"column":0},"end":{"line":24,"column":3}},"24":{"start":{"line":25,"column":0},"end":{"line":25,"column":0}},"25":{"start":{"line":26,"column":0},"end":{"line":26,"column":28}},"26":{"start":{"line":27,"column":0},"end":{"line":27,"column":27}},"27":{"start":{"line":28,"column":0},"end":{"line":28,"column":3}},"28":{"start":{"line":29,"column":0},"end":{"line":29,"column":0}},"29":{"start":{"line":30,"column":0},"end":{"line":30,"column":27}},"30":{"start":{"line":31,"column":0},"end":{"line":31,"column":24}},"31":{"start":{"line":32,"column":0},"end":{"line":32,"column":3}},"32":{"start":{"line":33,"column":0},"end":{"line":33,"column":0}},"33":{"start":{"line":34,"column":0},"end":{"line":34,"column":35}},"34":{"start":{"line":35,"column":0},"end":{"line":35,"column":58}},"35":{"start":{"line":36,"column":0},"end":{"line":36,"column":3}},"36":{"start":{"line":37,"column":0},"end":{"line":37,"column":0}},"37":{"start":{"line":38,"column":0},"end":{"line":38,"column":39}},"38":{"start":{"line":39,"column":0},"end":{"line":39,"column":36}},"39":{"start":{"line":40,"column":0},"end":{"line":40,"column":3}},"40":{"start":{"line":41,"column":0},"end":{"line":41,"column":0}},"41":{"start":{"line":42,"column":0},"end":{"line":42,"column":44}},"42":{"start":{"line":43,"column":0},"end":{"line":43,"column":27}},"43":{"start":{"line":44,"column":0},"end":{"line":44,"column":3}},"44":{"start":{"line":45,"column":0},"end":{"line":45,"column":0}},"45":{"start":{"line":46,"column":0},"end":{"line":46,"column":31}},"46":{"start":{"line":47,"column":0},"end":{"line":47,"column":33}},"47":{"start":{"line":48,"column":0},"end":{"line":48,"column":30}},"48":{"start":{"line":49,"column":0},"end":{"line":49,"column":3}},"49":{"start":{"line":50,"column":0},"end":{"line":50,"column":0}},"50":{"start":{"line":51,"column":0},"end":{"line":51,"column":37}},"51":{"start":{"line":52,"column":0},"end":{"line":52,"column":57}},"52":{"start":{"line":53,"column":0},"end":{"line":53,"column":40}},"53":{"start":{"line":54,"column":0},"end":{"line":54,"column":47}},"54":{"start":{"line":55,"column":0},"end":{"line":55,"column":5}},"55":{"start":{"line":56,"column":0},"end":{"line":56,"column":17}},"56":{"start":{"line":57,"column":0},"end":{"line":57,"column":3}},"57":{"start":{"line":58,"column":0},"end":{"line":58,"column":0}},"58":{"start":{"line":59,"column":0},"end":{"line":59,"column":52}},"59":{"start":{"line":60,"column":0},"end":{"line":60,"column":41}},"60":{"start":{"line":61,"column":0},"end":{"line":61,"column":22}},"61":{"start":{"line":62,"column":0},"end":{"line":62,"column":3}},"62":{"start":{"line":63,"column":0},"end":{"line":63,"column":0}},"63":{"start":{"line":64,"column":0},"end":{"line":64,"column":34}},"64":{"start":{"line":65,"column":0},"end":{"line":65,"column":48}},"65":{"start":{"line":66,"column":0},"end":{"line":66,"column":49}},"66":{"start":{"line":67,"column":0},"end":{"line":67,"column":53}},"67":{"start":{"line":68,"column":0},"end":{"line":68,"column":69}},"68":{"start":{"line":69,"column":0},"end":{"line":69,"column":6}},"69":{"start":{"line":70,"column":0},"end":{"line":70,"column":3}},"70":{"start":{"line":71,"column":0},"end":{"line":71,"column":0}},"71":{"start":{"line":72,"column":0},"end":{"line":72,"column":76}},"72":{"start":{"line":73,"column":0},"end":{"line":73,"column":43}},"73":{"start":{"line":74,"column":0},"end":{"line":74,"column":51}},"74":{"start":{"line":75,"column":0},"end":{"line":75,"column":23}},"75":{"start":{"line":76,"column":0},"end":{"line":76,"column":12}},"76":{"start":{"line":77,"column":0},"end":{"line":77,"column":51}},"77":{"start":{"line":78,"column":0},"end":{"line":78,"column":28}},"78":{"start":{"line":79,"column":0},"end":{"line":79,"column":5}},"79":{"start":{"line":80,"column":0},"end":{"line":80,"column":32}},"80":{"start":{"line":81,"column":0},"end":{"line":81,"column":25}},"81":{"start":{"line":82,"column":0},"end":{"line":82,"column":3}},"82":{"start":{"line":83,"column":0},"end":{"line":83,"column":0}},"83":{"start":{"line":84,"column":0},"end":{"line":84,"column":45}},"84":{"start":{"line":85,"column":0},"end":{"line":85,"column":46}},"85":{"start":{"line":86,"column":0},"end":{"line":86,"column":58}},"86":{"start":{"line":87,"column":0},"end":{"line":87,"column":42}},"87":{"start":{"line":88,"column":0},"end":{"line":88,"column":12}},"88":{"start":{"line":89,"column":0},"end":{"line":89,"column":41}},"89":{"start":{"line":90,"column":0},"end":{"line":90,"column":5}},"90":{"start":{"line":91,"column":0},"end":{"line":91,"column":3}},"91":{"start":{"line":92,"column":0},"end":{"line":92,"column":0}},"92":{"start":{"line":93,"column":0},"end":{"line":93,"column":28}},"93":{"start":{"line":94,"column":0},"end":{"line":94,"column":11}},"94":{"start":{"line":95,"column":0},"end":{"line":95,"column":51}},"95":{"start":{"line":96,"column":0},"end":{"line":96,"column":5}},"96":{"start":{"line":97,"column":0},"end":{"line":97,"column":70}},"97":{"start":{"line":98,"column":0},"end":{"line":98,"column":35}},"98":{"start":{"line":99,"column":0},"end":{"line":99,"column":25}},"99":{"start":{"line":100,"column":0},"end":{"line":100,"column":36}},"100":{"start":{"line":101,"column":0},"end":{"line":101,"column":9}},"101":{"start":{"line":102,"column":0},"end":{"line":102,"column":31}},"102":{"start":{"line":103,"column":0},"end":{"line":103,"column":48}},"103":{"start":{"line":104,"column":0},"end":{"line":104,"column":51}},"104":{"start":{"line":105,"column":0},"end":{"line":105,"column":54}},"105":{"start":{"line":106,"column":0},"end":{"line":106,"column":43}},"106":{"start":{"line":107,"column":0},"end":{"line":107,"column":16}},"107":{"start":{"line":108,"column":0},"end":{"line":108,"column":42}},"108":{"start":{"line":109,"column":0},"end":{"line":109,"column":9}},"109":{"start":{"line":110,"column":0},"end":{"line":110,"column":19}},"110":{"start":{"line":111,"column":0},"end":{"line":111,"column":12}},"111":{"start":{"line":112,"column":0},"end":{"line":112,"column":12}},"112":{"start":{"line":113,"column":0},"end":{"line":113,"column":29}},"113":{"start":{"line":114,"column":0},"end":{"line":114,"column":37}},"114":{"start":{"line":115,"column":0},"end":{"line":115,"column":30}},"115":{"start":{"line":116,"column":0},"end":{"line":116,"column":8}},"116":{"start":{"line":117,"column":0},"end":{"line":117,"column":5}},"117":{"start":{"line":118,"column":0},"end":{"line":118,"column":3}},"118":{"start":{"line":119,"column":0},"end":{"line":119,"column":0}},"119":{"start":{"line":120,"column":0},"end":{"line":120,"column":29}},"120":{"start":{"line":121,"column":0},"end":{"line":121,"column":11}},"121":{"start":{"line":122,"column":0},"end":{"line":122,"column":51}},"122":{"start":{"line":123,"column":0},"end":{"line":123,"column":5}},"123":{"start":{"line":124,"column":0},"end":{"line":124,"column":12}},"124":{"start":{"line":125,"column":0},"end":{"line":125,"column":29}},"125":{"start":{"line":126,"column":0},"end":{"line":126,"column":37}},"126":{"start":{"line":127,"column":0},"end":{"line":127,"column":30}},"127":{"start":{"line":128,"column":0},"end":{"line":128,"column":40}},"128":{"start":{"line":129,"column":0},"end":{"line":129,"column":62}},"129":{"start":{"line":130,"column":0},"end":{"line":130,"column":8}},"130":{"start":{"line":131,"column":0},"end":{"line":131,"column":5}},"131":{"start":{"line":132,"column":0},"end":{"line":132,"column":3}},"132":{"start":{"line":133,"column":0},"end":{"line":133,"column":1}},"133":{"start":{"line":134,"column":0},"end":{"line":134,"column":0}},"134":{"start":{"line":135,"column":0},"end":{"line":135,"column":19}}},"s":{"0":1,"1":1,"2":1,"3":1,"4":1,"5":1,"6":1,"7":1,"8":1,"9":17,"10":1,"11":1,"12":17,"13":17,"14":17,"15":17,"16":1,"17":1,"18":1,"19":1,"20":1,"21":1,"22":1,"23":1,"24":1,"25":1,"26":8,"27":8,"28":1,"29":1,"30":12,"31":12,"32":1,"33":1,"34":0,"35":0,"36":1,"37":1,"38":1,"39":1,"40":1,"41":1,"42":13,"43":13,"44":1,"45":1,"46":187,"47":187,"48":187,"49":1,"50":1,"51":215,"52":215,"53":0,"54":0,"55":215,"56":215,"57":1,"58":1,"59":40,"60":40,"61":40,"62":1,"63":1,"64":8,"65":8,"66":8,"67":59,"68":59,"69":8,"70":1,"71":1,"72":165,"73":41,"74":41,"75":41,"76":41,"77":41,"78":41,"79":165,"80":165,"81":165,"82":1,"83":1,"84":165,"85":165,"86":25,"87":25,"88":25,"89":25,"90":165,"91":1,"92":1,"93":6,"94":6,"95":6,"96":6,"97":6,"98":6,"99":6,"100":6,"101":6,"102":22,"103":22,"104":22,"105":20,"106":20,"107":20,"108":20,"109":22,"110":6,"111":6,"112":6,"113":6,"114":6,"115":6,"116":6,"117":6,"118":1,"119":1,"120":6,"121":6,"122":6,"123":6,"124":6,"125":6,"126":6,"127":6,"128":6,"129":6,"130":6,"131":6,"132":1,"133":1,"134":1},"branchMap":{"0":{"type":"branch","line":135,"loc":{"start":{"line":135,"column":19},"end":{"line":135,"column":19}},"locations":[{"start":{"line":135,"column":19},"end":{"line":135,"column":19}}]},"1":{"type":"branch","line":135,"loc":{"start":{"line":135,"column":19},"end":{"line":135,"column":19}},"locations":[{"start":{"line":135,"column":19},"end":{"line":135,"column":19}}]},"2":{"type":"branch","line":135,"loc":{"start":{"line":135,"column":19},"end":{"line":135,"column":19}},"locations":[{"start":{"line":135,"column":19},"end":{"line":135,"column":19}}]},"3":{"type":"branch","line":9,"loc":{"start":{"line":9,"column":10},"end":{"line":10,"column":45}},"locations":[{"start":{"line":9,"column":10},"end":{"line":10,"column":45}}]},"4":{"type":"branch","line":12,"loc":{"start":{"line":12,"column":2},"end":{"line":16,"column":3}},"locations":[{"start":{"line":12,"column":2},"end":{"line":16,"column":3}}]},"5":{"type":"branch","line":18,"loc":{"start":{"line":18,"column":2},"end":{"line":20,"column":3}},"locations":[{"start":{"line":18,"column":2},"end":{"line":20,"column":3}}]},"6":{"type":"branch","line":22,"loc":{"start":{"line":22,"column":2},"end":{"line":24,"column":3}},"locations":[{"start":{"line":22,"column":2},"end":{"line":24,"column":3}}]},"7":{"type":"branch","line":26,"loc":{"start":{"line":26,"column":2},"end":{"line":28,"column":3}},"locations":[{"start":{"line":26,"column":2},"end":{"line":28,"column":3}}]},"8":{"type":"branch","line":30,"loc":{"start":{"line":30,"column":2},"end":{"line":32,"column":3}},"locations":[{"start":{"line":30,"column":2},"end":{"line":32,"column":3}}]},"9":{"type":"branch","line":38,"loc":{"start":{"line":38,"column":2},"end":{"line":40,"column":3}},"locations":[{"start":{"line":38,"column":2},"end":{"line":40,"column":3}}]},"10":{"type":"branch","line":42,"loc":{"start":{"line":42,"column":2},"end":{"line":44,"column":3}},"locations":[{"start":{"line":42,"column":2},"end":{"line":44,"column":3}}]},"11":{"type":"branch","line":46,"loc":{"start":{"line":46,"column":2},"end":{"line":49,"column":3}},"locations":[{"start":{"line":46,"column":2},"end":{"line":49,"column":3}}]},"12":{"type":"branch","line":51,"loc":{"start":{"line":51,"column":2},"end":{"line":57,"column":3}},"locations":[{"start":{"line":51,"column":2},"end":{"line":57,"column":3}}]},"13":{"type":"branch","line":53,"loc":{"start":{"line":53,"column":39},"end":{"line":55,"column":5}},"locations":[{"start":{"line":53,"column":39},"end":{"line":55,"column":5}}]},"14":{"type":"branch","line":52,"loc":{"start":{"line":52,"column":39},"end":{"line":52,"column":57}},"locations":[{"start":{"line":52,"column":39},"end":{"line":52,"column":57}}]},"15":{"type":"branch","line":59,"loc":{"start":{"line":59,"column":2},"end":{"line":62,"column":3}},"locations":[{"start":{"line":59,"column":2},"end":{"line":62,"column":3}}]},"16":{"type":"branch","line":64,"loc":{"start":{"line":64,"column":2},"end":{"line":70,"column":3}},"locations":[{"start":{"line":64,"column":2},"end":{"line":70,"column":3}}]},"17":{"type":"branch","line":67,"loc":{"start":{"line":67,"column":41},"end":{"line":69,"column":6}},"locations":[{"start":{"line":67,"column":41},"end":{"line":69,"column":6}}]},"18":{"type":"branch","line":72,"loc":{"start":{"line":72,"column":2},"end":{"line":82,"column":3}},"locations":[{"start":{"line":72,"column":2},"end":{"line":82,"column":3}}]},"19":{"type":"branch","line":73,"loc":{"start":{"line":73,"column":42},"end":{"line":79,"column":5}},"locations":[{"start":{"line":73,"column":42},"end":{"line":79,"column":5}}]},"20":{"type":"branch","line":73,"loc":{"start":{"line":73,"column":42},"end":{"line":76,"column":11}},"locations":[{"start":{"line":73,"column":42},"end":{"line":76,"column":11}}]},"21":{"type":"branch","line":73,"loc":{"start":{"line":73,"column":4},"end":{"line":79,"column":5}},"locations":[{"start":{"line":73,"column":4},"end":{"line":79,"column":5}}]},"22":{"type":"branch","line":84,"loc":{"start":{"line":84,"column":10},"end":{"line":91,"column":3}},"locations":[{"start":{"line":84,"column":10},"end":{"line":91,"column":3}}]},"23":{"type":"branch","line":86,"loc":{"start":{"line":86,"column":57},"end":{"line":90,"column":5}},"locations":[{"start":{"line":86,"column":57},"end":{"line":90,"column":5}}]},"24":{"type":"branch","line":86,"loc":{"start":{"line":86,"column":57},"end":{"line":88,"column":11}},"locations":[{"start":{"line":86,"column":57},"end":{"line":88,"column":11}}]},"25":{"type":"branch","line":86,"loc":{"start":{"line":86,"column":4},"end":{"line":90,"column":5}},"locations":[{"start":{"line":86,"column":4},"end":{"line":90,"column":5}}]},"26":{"type":"branch","line":93,"loc":{"start":{"line":93,"column":2},"end":{"line":118,"column":3}},"locations":[{"start":{"line":93,"column":2},"end":{"line":118,"column":3}}]},"27":{"type":"branch","line":102,"loc":{"start":{"line":102,"column":14},"end":{"line":111,"column":9}},"locations":[{"start":{"line":102,"column":14},"end":{"line":111,"column":9}}]},"28":{"type":"branch","line":105,"loc":{"start":{"line":105,"column":53},"end":{"line":107,"column":15}},"locations":[{"start":{"line":105,"column":53},"end":{"line":107,"column":15}}]},"29":{"type":"branch","line":105,"loc":{"start":{"line":105,"column":8},"end":{"line":109,"column":9}},"locations":[{"start":{"line":105,"column":8},"end":{"line":109,"column":9}}]},"30":{"type":"branch","line":120,"loc":{"start":{"line":120,"column":2},"end":{"line":132,"column":3}},"locations":[{"start":{"line":120,"column":2},"end":{"line":132,"column":3}}]},"31":{"type":"branch","line":128,"loc":{"start":{"line":128,"column":16},"end":{"line":128,"column":40}},"locations":[{"start":{"line":128,"column":16},"end":{"line":128,"column":40}}]},"32":{"type":"branch","line":129,"loc":{"start":{"line":129,"column":18},"end":{"line":129,"column":19}},"locations":[{"start":{"line":129,"column":18},"end":{"line":129,"column":19}}]}},"b":{"0":[2],"1":[2],"2":[0],"3":[17],"4":[17],"5":[1],"6":[1],"7":[8],"8":[12],"9":[1],"10":[13],"11":[187],"12":[215],"13":[0],"14":[524],"15":[40],"16":[8],"17":[59],"18":[165],"19":[164],"20":[124],"21":[41],"22":[165],"23":[164],"24":[140],"25":[25],"26":[6],"27":[22],"28":[2],"29":[20],"30":[6],"31":[15],"32":[15]},"fnMap":{"0":{"name":"_interopRequireDefault","decl":{"start":{"line":135,"column":19},"end":{"line":135,"column":19}},"loc":{"start":{"line":135,"column":19},"end":{"line":135,"column":19}},"line":135},"1":{"name":"<instance_members_initializer>","decl":{"start":{"line":9,"column":10},"end":{"line":10,"column":45}},"loc":{"start":{"line":9,"column":10},"end":{"line":10,"column":45}},"line":9},"2":{"name":"Game","decl":{"start":{"line":12,"column":2},"end":{"line":16,"column":3}},"loc":{"start":{"line":12,"column":2},"end":{"line":16,"column":3}},"line":12},"3":{"name":"get id","decl":{"start":{"line":18,"column":2},"end":{"line":20,"column":3}},"loc":{"start":{"line":18,"column":2},"end":{"line":20,"column":3}},"line":18},"4":{"name":"get numberPlayers","decl":{"start":{"line":22,"column":2},"end":{"line":24,"column":3}},"loc":{"start":{"line":22,"column":2},"end":{"line":24,"column":3}},"line":22},"5":{"name":"get totalKills","decl":{"start":{"line":26,"column":2},"end":{"line":28,"column":3}},"loc":{"start":{"line":26,"column":2},"end":{"line":28,"column":3}},"line":26},"6":{"name":"get players","decl":{"start":{"line":30,"column":2},"end":{"line":32,"column":3}},"loc":{"start":{"line":30,"column":2},"end":{"line":32,"column":3}},"line":30},"7":{"name":"get historicPlayers","decl":{"start":{"line":34,"column":2},"end":{"line":36,"column":3}},"loc":{"start":{"line":34,"column":2},"end":{"line":36,"column":3}},"line":34},"8":{"name":"get disconnectedPlayers","decl":{"start":{"line":38,"column":2},"end":{"line":40,"column":3}},"loc":{"start":{"line":38,"column":2},"end":{"line":40,"column":3}},"line":38},"9":{"name":"get killByMean","decl":{"start":{"line":42,"column":2},"end":{"line":44,"column":3}},"loc":{"start":{"line":42,"column":2},"end":{"line":44,"column":3}},"line":42},"10":{"name":"addPlayer","decl":{"start":{"line":46,"column":2},"end":{"line":49,"column":3}},"loc":{"start":{"line":46,"column":2},"end":{"line":49,"column":3}},"line":46},"11":{"name":"getPlayerById","decl":{"start":{"line":51,"column":2},"end":{"line":57,"column":3}},"loc":{"start":{"line":51,"column":2},"end":{"line":57,"column":3}},"line":51},"12":{"name":"updatePlayerName","decl":{"start":{"line":59,"column":2},"end":{"line":62,"column":3}},"loc":{"start":{"line":59,"column":2},"end":{"line":62,"column":3}},"line":59},"13":{"name":"removePlayer","decl":{"start":{"line":64,"column":2},"end":{"line":70,"column":3}},"loc":{"start":{"line":64,"column":2},"end":{"line":70,"column":3}},"line":64},"14":{"name":"eventKill","decl":{"start":{"line":72,"column":2},"end":{"line":82,"column":3}},"loc":{"start":{"line":72,"column":2},"end":{"line":82,"column":3}},"line":72},"15":{"name":"addKillByMean","decl":{"start":{"line":84,"column":10},"end":{"line":91,"column":3}},"loc":{"start":{"line":84,"column":10},"end":{"line":91,"column":3}},"line":84},"16":{"name":"get resumeScore","decl":{"start":{"line":93,"column":2},"end":{"line":118,"column":3}},"loc":{"start":{"line":93,"column":2},"end":{"line":118,"column":3}},"line":93},"17":{"name":"get engGameScore","decl":{"start":{"line":120,"column":2},"end":{"line":132,"column":3}},"loc":{"start":{"line":120,"column":2},"end":{"line":132,"column":3}},"line":120}},"f":{"0":2,"1":17,"2":17,"3":1,"4":1,"5":8,"6":12,"7":0,"8":1,"9":13,"10":187,"11":215,"12":40,"13":8,"14":165,"15":165,"16":6,"17":6}}
,"/home/renan/Documents/Works/nailuz/quake-parser-challenge/src/app/components/Player.ts": {"path":"/home/renan/Documents/Works/nailuz/quake-parser-challenge/src/app/components/Player.ts","statementMap":{"0":{"start":{"line":1,"column":0},"end":{"line":1,"column":14}},"1":{"start":{"line":2,"column":0},"end":{"line":2,"column":21}},"2":{"start":{"line":3,"column":0},"end":{"line":3,"column":23}},"3":{"start":{"line":4,"column":0},"end":{"line":4,"column":24}},"4":{"start":{"line":5,"column":0},"end":{"line":5,"column":25}},"5":{"start":{"line":6,"column":0},"end":{"line":6,"column":0}},"6":{"start":{"line":7,"column":0},"end":{"line":7,"column":27}},"7":{"start":{"line":8,"column":0},"end":{"line":8,"column":17}},"8":{"start":{"line":9,"column":0},"end":{"line":9,"column":26}},"9":{"start":{"line":10,"column":0},"end":{"line":10,"column":19}},"10":{"start":{"line":11,"column":0},"end":{"line":11,"column":20}},"11":{"start":{"line":12,"column":0},"end":{"line":12,"column":3}},"12":{"start":{"line":13,"column":0},"end":{"line":13,"column":0}},"13":{"start":{"line":14,"column":0},"end":{"line":14,"column":20}},"14":{"start":{"line":15,"column":0},"end":{"line":15,"column":19}},"15":{"start":{"line":16,"column":0},"end":{"line":16,"column":3}},"16":{"start":{"line":17,"column":0},"end":{"line":17,"column":0}},"17":{"start":{"line":18,"column":0},"end":{"line":18,"column":22}},"18":{"start":{"line":19,"column":0},"end":{"line":19,"column":21}},"19":{"start":{"line":20,"column":0},"end":{"line":20,"column":3}},"20":{"start":{"line":21,"column":0},"end":{"line":21,"column":0}},"21":{"start":{"line":22,"column":0},"end":{"line":22,"column":26}},"22":{"start":{"line":23,"column":0},"end":{"line":23,"column":21}},"23":{"start":{"line":24,"column":0},"end":{"line":24,"column":3}},"24":{"start":{"line":25,"column":0},"end":{"line":25,"column":0}},"25":{"start":{"line":26,"column":0},"end":{"line":26,"column":23}},"26":{"start":{"line":27,"column":0},"end":{"line":27,"column":22}},"27":{"start":{"line":28,"column":0},"end":{"line":28,"column":3}},"28":{"start":{"line":29,"column":0},"end":{"line":29,"column":0}},"29":{"start":{"line":30,"column":0},"end":{"line":30,"column":39}},"30":{"start":{"line":31,"column":0},"end":{"line":31,"column":12}},"31":{"start":{"line":32,"column":0},"end":{"line":32,"column":32}},"32":{"start":{"line":33,"column":0},"end":{"line":33,"column":5}},"33":{"start":{"line":34,"column":0},"end":{"line":34,"column":3}},"34":{"start":{"line":35,"column":0},"end":{"line":35,"column":0}},"35":{"start":{"line":36,"column":0},"end":{"line":36,"column":19}},"36":{"start":{"line":37,"column":0},"end":{"line":37,"column":20}},"37":{"start":{"line":38,"column":0},"end":{"line":38,"column":3}},"38":{"start":{"line":39,"column":0},"end":{"line":39,"column":0}},"39":{"start":{"line":40,"column":0},"end":{"line":40,"column":24}},"40":{"start":{"line":41,"column":0},"end":{"line":41,"column":20}},"41":{"start":{"line":42,"column":0},"end":{"line":42,"column":3}},"42":{"start":{"line":43,"column":0},"end":{"line":43,"column":0}},"43":{"start":{"line":44,"column":0},"end":{"line":44,"column":20}},"44":{"start":{"line":45,"column":0},"end":{"line":45,"column":21}},"45":{"start":{"line":46,"column":0},"end":{"line":46,"column":3}},"46":{"start":{"line":47,"column":0},"end":{"line":47,"column":1}},"47":{"start":{"line":48,"column":0},"end":{"line":48,"column":0}},"48":{"start":{"line":49,"column":0},"end":{"line":49,"column":21}}},"s":{"0":1,"1":1,"2":1,"3":1,"4":1,"5":1,"6":1,"7":188,"8":188,"9":188,"10":188,"11":188,"12":1,"13":1,"14":525,"15":525,"16":1,"17":1,"18":26,"19":26,"20":1,"21":1,"22":40,"23":40,"24":1,"25":1,"26":24,"27":24,"28":1,"29":1,"30":15,"31":15,"32":15,"33":15,"34":1,"35":1,"36":124,"37":124,"38":1,"39":1,"40":41,"41":41,"42":1,"43":1,"44":0,"45":0,"46":1,"47":1,"48":1},"branchMap":{"0":{"type":"branch","line":49,"loc":{"start":{"line":49,"column":21},"end":{"line":49,"column":21}},"locations":[{"start":{"line":49,"column":21},"end":{"line":49,"column":21}}]},"1":{"type":"branch","line":7,"loc":{"start":{"line":7,"column":2},"end":{"line":12,"column":3}},"locations":[{"start":{"line":7,"column":2},"end":{"line":12,"column":3}}]},"2":{"type":"branch","line":14,"loc":{"start":{"line":14,"column":2},"end":{"line":16,"column":3}},"locations":[{"start":{"line":14,"column":2},"end":{"line":16,"column":3}}]},"3":{"type":"branch","line":18,"loc":{"start":{"line":18,"column":2},"end":{"line":20,"column":3}},"locations":[{"start":{"line":18,"column":2},"end":{"line":20,"column":3}}]},"4":{"type":"branch","line":22,"loc":{"start":{"line":22,"column":2},"end":{"line":24,"column":3}},"locations":[{"start":{"line":22,"column":2},"end":{"line":24,"column":3}}]},"5":{"type":"branch","line":26,"loc":{"start":{"line":26,"column":2},"end":{"line":28,"column":3}},"locations":[{"start":{"line":26,"column":2},"end":{"line":28,"column":3}}]},"6":{"type":"branch","line":30,"loc":{"start":{"line":30,"column":2},"end":{"line":34,"column":3}},"locations":[{"start":{"line":30,"column":2},"end":{"line":34,"column":3}}]},"7":{"type":"branch","line":36,"loc":{"start":{"line":36,"column":2},"end":{"line":38,"column":3}},"locations":[{"start":{"line":36,"column":2},"end":{"line":38,"column":3}}]},"8":{"type":"branch","line":40,"loc":{"start":{"line":40,"column":2},"end":{"line":42,"column":3}},"locations":[{"start":{"line":40,"column":2},"end":{"line":42,"column":3}}]}},"b":{"0":[3],"1":[188],"2":[525],"3":[26],"4":[40],"5":[24],"6":[15],"7":[124],"8":[41]},"fnMap":{"0":{"name":"Player","decl":{"start":{"line":7,"column":2},"end":{"line":12,"column":3}},"loc":{"start":{"line":7,"column":2},"end":{"line":12,"column":3}},"line":7},"1":{"name":"get id","decl":{"start":{"line":14,"column":2},"end":{"line":16,"column":3}},"loc":{"start":{"line":14,"column":2},"end":{"line":16,"column":3}},"line":14},"2":{"name":"get name","decl":{"start":{"line":18,"column":2},"end":{"line":20,"column":3}},"loc":{"start":{"line":18,"column":2},"end":{"line":20,"column":3}},"line":18},"3":{"name":"set name","decl":{"start":{"line":22,"column":2},"end":{"line":24,"column":3}},"loc":{"start":{"line":22,"column":2},"end":{"line":24,"column":3}},"line":22},"4":{"name":"get kills","decl":{"start":{"line":26,"column":2},"end":{"line":28,"column":3}},"loc":{"start":{"line":26,"column":2},"end":{"line":28,"column":3}},"line":26},"5":{"name":"get score","decl":{"start":{"line":30,"column":2},"end":{"line":34,"column":3}},"loc":{"start":{"line":30,"column":2},"end":{"line":34,"column":3}},"line":30},"6":{"name":"addKill","decl":{"start":{"line":36,"column":2},"end":{"line":38,"column":3}},"loc":{"start":{"line":36,"column":2},"end":{"line":38,"column":3}},"line":36},"7":{"name":"subtractKill","decl":{"start":{"line":40,"column":2},"end":{"line":42,"column":3}},"loc":{"start":{"line":40,"column":2},"end":{"line":42,"column":3}},"line":40},"8":{"name":"addDeath","decl":{"start":{"line":44,"column":2},"end":{"line":46,"column":3}},"loc":{"start":{"line":44,"column":2},"end":{"line":46,"column":3}},"line":44}},"f":{"0":188,"1":525,"2":26,"3":40,"4":24,"5":15,"6":124,"7":41,"8":0}}
,"/home/renan/Documents/Works/nailuz/quake-parser-challenge/src/app/utils/utils.ts": {"path":"/home/renan/Documents/Works/nailuz/quake-parser-challenge/src/app/utils/utils.ts","statementMap":{"0":{"start":{"line":1,"column":0},"end":{"line":1,"column":24}},"1":{"start":{"line":2,"column":0},"end":{"line":2,"column":28}},"2":{"start":{"line":3,"column":0},"end":{"line":3,"column":0}},"3":{"start":{"line":4,"column":0},"end":{"line":4,"column":31}},"4":{"start":{"line":5,"column":0},"end":{"line":5,"column":13}},"5":{"start":{"line":6,"column":0},"end":{"line":6,"column":18}},"6":{"start":{"line":7,"column":0},"end":{"line":7,"column":21}},"7":{"start":{"line":8,"column":0},"end":{"line":8,"column":26}},"8":{"start":{"line":9,"column":0},"end":{"line":9,"column":9}},"9":{"start":{"line":10,"column":0},"end":{"line":10,"column":9}},"10":{"start":{"line":11,"column":0},"end":{"line":11,"column":13}},"11":{"start":{"line":12,"column":0},"end":{"line":12,"column":16}},"12":{"start":{"line":13,"column":0},"end":{"line":13,"column":10}},"13":{"start":{"line":14,"column":0},"end":{"line":14,"column":9}},"14":{"start":{"line":15,"column":0},"end":{"line":15,"column":1}},"15":{"start":{"line":16,"column":0},"end":{"line":16,"column":0}},"16":{"start":{"line":17,"column":0},"end":{"line":17,"column":39}},"17":{"start":{"line":18,"column":0},"end":{"line":18,"column":75}},"18":{"start":{"line":19,"column":0},"end":{"line":19,"column":13}},"19":{"start":{"line":20,"column":0},"end":{"line":20,"column":1}},"20":{"start":{"line":21,"column":0},"end":{"line":21,"column":0}},"21":{"start":{"line":22,"column":0},"end":{"line":22,"column":21}},"22":{"start":{"line":23,"column":0},"end":{"line":23,"column":14}},"23":{"start":{"line":24,"column":0},"end":{"line":24,"column":14}},"24":{"start":{"line":25,"column":0},"end":{"line":25,"column":15}},"25":{"start":{"line":26,"column":0},"end":{"line":26,"column":17}},"26":{"start":{"line":27,"column":0},"end":{"line":27,"column":14}},"27":{"start":{"line":28,"column":0},"end":{"line":28,"column":21}},"28":{"start":{"line":29,"column":0},"end":{"line":29,"column":13}},"29":{"start":{"line":30,"column":0},"end":{"line":30,"column":20}},"30":{"start":{"line":31,"column":0},"end":{"line":31,"column":13}},"31":{"start":{"line":32,"column":0},"end":{"line":32,"column":20}},"32":{"start":{"line":33,"column":0},"end":{"line":33,"column":14}},"33":{"start":{"line":34,"column":0},"end":{"line":34,"column":16}},"34":{"start":{"line":35,"column":0},"end":{"line":35,"column":10}},"35":{"start":{"line":36,"column":0},"end":{"line":36,"column":17}},"36":{"start":{"line":37,"column":0},"end":{"line":37,"column":12}},"37":{"start":{"line":38,"column":0},"end":{"line":38,"column":12}},"38":{"start":{"line":39,"column":0},"end":{"line":39,"column":11}},"39":{"start":{"line":40,"column":0},"end":{"line":40,"column":12}},"40":{"start":{"line":41,"column":0},"end":{"line":41,"column":15}},"41":{"start":{"line":42,"column":0},"end":{"line":42,"column":14}},"42":{"start":{"line":43,"column":0},"end":{"line":43,"column":14}},"43":{"start":{"line":44,"column":0},"end":{"line":44,"column":19}},"44":{"start":{"line":45,"column":0},"end":{"line":45,"column":19}},"45":{"start":{"line":46,"column":0},"end":{"line":46,"column":1}}},"s":{"0":1,"1":1,"2":1,"3":1,"4":1,"5":1,"6":1,"7":1,"8":1,"9":1,"10":1,"11":1,"12":1,"13":1,"14":1,"15":1,"16":1,"17":1,"18":1,"19":1,"20":1,"21":1,"22":1,"23":1,"24":1,"25":1,"26":1,"27":1,"28":1,"29":1,"30":1,"31":1,"32":1,"33":1,"34":1,"35":1,"36":1,"37":1,"38":1,"39":1,"40":1,"41":1,"42":1,"43":1,"44":1,"45":1},"branchMap":{"0":{"type":"branch","line":46,"loc":{"start":{"line":46,"column":1},"end":{"line":46,"column":1}},"locations":[{"start":{"line":46,"column":1},"end":{"line":46,"column":1}}]},"1":{"type":"branch","line":46,"loc":{"start":{"line":46,"column":1},"end":{"line":46,"column":1}},"locations":[{"start":{"line":46,"column":1},"end":{"line":46,"column":1}}]},"2":{"type":"branch","line":46,"loc":{"start":{"line":46,"column":1},"end":{"line":46,"column":1}},"locations":[{"start":{"line":46,"column":1},"end":{"line":46,"column":1}}]},"3":{"type":"branch","line":46,"loc":{"start":{"line":46,"column":1},"end":{"line":46,"column":1}},"locations":[{"start":{"line":46,"column":1},"end":{"line":46,"column":1}}]},"4":{"type":"branch","line":46,"loc":{"start":{"line":46,"column":1},"end":{"line":46,"column":1}},"locations":[{"start":{"line":46,"column":1},"end":{"line":46,"column":1}}]},"5":{"type":"branch","line":46,"loc":{"start":{"line":46,"column":1},"end":{"line":46,"column":1}},"locations":[{"start":{"line":46,"column":1},"end":{"line":46,"column":1}}]},"6":{"type":"branch","line":46,"loc":{"start":{"line":46,"column":1},"end":{"line":46,"column":1}},"locations":[{"start":{"line":46,"column":1},"end":{"line":46,"column":1}}]},"7":{"type":"branch","line":46,"loc":{"start":{"line":46,"column":1},"end":{"line":46,"column":1}},"locations":[{"start":{"line":46,"column":1},"end":{"line":46,"column":1}}]},"8":{"type":"branch","line":46,"loc":{"start":{"line":46,"column":1},"end":{"line":46,"column":1}},"locations":[{"start":{"line":46,"column":1},"end":{"line":46,"column":1}}]},"9":{"type":"branch","line":46,"loc":{"start":{"line":46,"column":1},"end":{"line":46,"column":1}},"locations":[{"start":{"line":46,"column":1},"end":{"line":46,"column":1}}]},"10":{"type":"branch","line":46,"loc":{"start":{"line":46,"column":1},"end":{"line":46,"column":1}},"locations":[{"start":{"line":46,"column":1},"end":{"line":46,"column":1}}]},"11":{"type":"branch","line":46,"loc":{"start":{"line":46,"column":1},"end":{"line":46,"column":1}},"locations":[{"start":{"line":46,"column":1},"end":{"line":46,"column":1}}]},"12":{"type":"branch","line":46,"loc":{"start":{"line":46,"column":1},"end":{"line":46,"column":1}},"locations":[{"start":{"line":46,"column":1},"end":{"line":46,"column":1}}]},"13":{"type":"branch","line":46,"loc":{"start":{"line":46,"column":1},"end":{"line":46,"column":1}},"locations":[{"start":{"line":46,"column":1},"end":{"line":46,"column":1}}]},"14":{"type":"branch","line":17,"loc":{"start":{"line":17,"column":24},"end":{"line":17,"column":13}},"locations":[{"start":{"line":17,"column":24},"end":{"line":17,"column":13}}]},"15":{"type":"branch","line":22,"loc":{"start":{"line":22,"column":12},"end":{"line":22,"column":21}},"locations":[{"start":{"line":22,"column":12},"end":{"line":22,"column":21}}]}},"b":{"0":[2],"1":[2],"2":[0],"3":[2],"4":[4],"5":[0],"6":[0],"7":[0],"8":[0],"9":[218],"10":[0],"11":[208],"12":[10],"13":[208],"14":[8],"15":[2]},"fnMap":{"0":{"name":"_getRequireWildcardCache","decl":{"start":{"line":46,"column":1},"end":{"line":46,"column":1}},"loc":{"start":{"line":46,"column":1},"end":{"line":46,"column":1}},"line":46},"1":{"name":"_getRequireWildcardCache","decl":{"start":{"line":46,"column":1},"end":{"line":46,"column":1}},"loc":{"start":{"line":46,"column":1},"end":{"line":46,"column":1}},"line":46},"2":{"name":"_interopRequireWildcard","decl":{"start":{"line":46,"column":1},"end":{"line":46,"column":1}},"loc":{"start":{"line":46,"column":1},"end":{"line":46,"column":1}},"line":46},"3":{"name":"fileTest","decl":{"start":{"line":17,"column":24},"end":{"line":17,"column":13}},"loc":{"start":{"line":17,"column":24},"end":{"line":17,"column":13}},"line":17}},"f":{"0":2,"1":2,"2":4,"3":8}}
}
