TN:
SF:src/app/QuakeParser.ts
FN:201,_interopRequireDefault
FN:7,<instance_members_initializer>
FN:9,QuakeParser
FN:17,get events
FN:21,get games
FN:25,get currentGame
FN:29,get currentEvent
FN:33,run
FN:64,eventSplitter
FN:69,initGameOperator
FN:74,clientConnectOperator
FN:79,findFirstIdValid
FN:88,clientUserinfoChangedOperator
FN:94,findFirstNameValid
FN:103,clientDisconnectOperator
FN:108,killOperator
FN:117,findTwoFirstsIdValid
FN:127,get results
FN:133,get resultsWithHistoric
FN:139,rankingFormatter
FN:160,get ranking
FN:167,get historicRanking
FN:174,get rankingKillByMean
FN:194,get killFromAllGames
FNF:24
FNH:21
FNDA:1,_interopRequireDefault
FNDA:8,<instance_members_initializer>
FNDA:8,QuakeParser
FNDA:5,get events
FNDA:4,get games
FNDA:241,get currentGame
FNDA:2020,get currentEvent
FNDA:1,run
FNDA:1012,eventSplitter
FNDA:12,initGameOperator
FNDA:24,clientConnectOperator
FNDA:71,findFirstIdValid
FNDA:39,clientUserinfoChangedOperator
FNDA:39,findFirstNameValid
FNDA:7,clientDisconnectOperator
FNDA:163,killOperator
FNDA:163,findTwoFirstsIdValid
FNDA:1,get results
FNDA:1,get resultsWithHistoric
FNDA:0,rankingFormatter
FNDA:0,get ranking
FNDA:0,get historicRanking
FNDA:2,get rankingKillByMean
FNDA:1,get killFromAllGames
DA:1,1
DA:2,1
DA:3,1
DA:4,1
DA:5,1
DA:6,1
DA:7,1
DA:8,1
DA:9,1
DA:10,8
DA:11,0
DA:12,0
DA:13,0
DA:14,0
DA:15,8
DA:16,1
DA:17,1
DA:18,5
DA:19,5
DA:20,1
DA:21,1
DA:22,4
DA:23,4
DA:24,1
DA:25,1
DA:26,241
DA:27,241
DA:28,1
DA:29,1
DA:30,2020
DA:31,2020
DA:32,1
DA:33,1
DA:34,1
DA:35,1010
DA:36,1010
DA:37,1010
DA:38,6
DA:39,6
DA:40,6
DA:41,1010
DA:42,22
DA:43,22
DA:44,22
DA:45,1010
DA:46,7
DA:47,7
DA:48,7
DA:49,1010
DA:50,39
DA:51,39
DA:52,39
DA:53,1010
DA:54,163
DA:55,163
DA:56,163
DA:57,1010
DA:58,773
DA:59,1010
DA:60,1010
DA:61,1
DA:62,1
DA:63,1
DA:64,1
DA:65,1012
DA:66,1012
DA:67,1012
DA:68,1
DA:69,1
DA:70,12
DA:71,12
DA:72,12
DA:73,1
DA:74,1
DA:75,24
DA:76,24
DA:77,24
DA:78,1
DA:79,1
DA:80,71
DA:81,71
DA:82,71
DA:83,0
DA:84,0
DA:85,71
DA:86,71
DA:87,1
DA:88,1
DA:89,39
DA:90,39
DA:91,39
DA:92,39
DA:93,1
DA:94,1
DA:95,39
DA:96,39
DA:97,39
DA:98,0
DA:99,0
DA:100,39
DA:101,39
DA:102,1
DA:103,1
DA:104,7
DA:105,7
DA:106,7
DA:107,1
DA:108,1
DA:109,163
DA:110,163
DA:111,123
DA:112,123
DA:113,123
DA:114,123
DA:115,163
DA:116,1
DA:117,1
DA:118,163
DA:119,163
DA:120,163
DA:121,0
DA:122,0
DA:123,163
DA:124,163
DA:125,163
DA:126,1
DA:127,1
DA:128,1
DA:129,1
DA:130,1
DA:131,1
DA:132,1
DA:133,1
DA:134,1
DA:135,1
DA:136,1
DA:137,1
DA:138,1
DA:139,1
DA:140,0
DA:141,0
DA:142,0
DA:143,0
DA:144,0
DA:145,0
DA:146,0
DA:147,0
DA:148,0
DA:149,0
DA:150,0
DA:151,0
DA:152,0
DA:153,0
DA:154,0
DA:155,0
DA:156,0
DA:157,0
DA:158,0
DA:159,1
DA:160,1
DA:161,0
DA:162,0
DA:163,0
DA:164,0
DA:165,0
DA:166,1
DA:167,1
DA:168,0
DA:169,0
DA:170,0
DA:171,0
DA:172,0
DA:173,1
DA:174,1
DA:175,2
DA:176,2
DA:177,2
DA:178,12
DA:179,48
DA:180,14
DA:181,14
DA:182,14
DA:183,14
DA:184,48
DA:185,12
DA:186,2
DA:187,2
DA:188,2
DA:189,2
DA:190,2
DA:191,2
DA:192,2
DA:193,1
DA:194,1
DA:195,1
DA:196,1
DA:197,1
DA:198,1
DA:199,1
DA:200,1
DA:201,1
LF:201
LH:162
BRDA:201,0,0,1
BRDA:201,1,0,1
BRDA:201,2,0,0
BRDA:7,3,0,8
BRDA:9,4,0,8
BRDA:10,5,0,0
BRDA:17,6,0,5
BRDA:21,7,0,4
BRDA:25,8,0,241
BRDA:29,9,0,2020
BRDA:33,10,0,1
BRDA:34,11,0,1010
BRDA:37,12,0,6
BRDA:41,13,0,22
BRDA:45,14,0,7
BRDA:49,15,0,39
BRDA:53,16,0,163
BRDA:57,17,0,773
BRDA:64,18,0,1012
BRDA:69,19,0,12
BRDA:74,20,0,24
BRDA:79,21,0,71
BRDA:82,22,0,0
BRDA:88,23,0,39
BRDA:94,24,0,39
BRDA:97,25,0,0
BRDA:103,26,0,7
BRDA:108,27,0,163
BRDA:110,28,0,40
BRDA:110,29,0,123
BRDA:117,30,0,163
BRDA:120,31,0,0
BRDA:127,32,0,1
BRDA:130,33,0,6
BRDA:133,34,0,1
BRDA:136,35,0,6
BRDA:174,36,0,2
BRDA:175,37,0,12
BRDA:177,38,0,12
BRDA:178,39,0,48
BRDA:179,40,0,34
BRDA:179,41,0,14
BRDA:188,42,0,24
BRDA:190,43,0,14
BRDA:194,44,0,1
BRDA:196,45,0,6
BRDA:197,46,0,6
BRF:47
BRH:42
end_of_record
TN:
SF:src/app/components/Games.ts
FN:135,_interopRequireDefault
FN:9,<instance_members_initializer>
FN:12,Game
FN:18,get id
FN:22,get numberPlayers
FN:26,get totalKills
FN:30,get players
FN:34,get historicPlayers
FN:38,get disconnectedPlayers
FN:42,get killByMean
FN:46,addPlayer
FN:51,getPlayerById
FN:59,updatePlayerName
FN:64,removePlayer
FN:72,eventKill
FN:84,addKillByMean
FN:93,get resumeScore
FN:120,get engGameScore
FNF:18
FNH:17
FNDA:2,_interopRequireDefault
FNDA:17,<instance_members_initializer>
FNDA:17,Game
FNDA:1,get id
FNDA:1,get numberPlayers
FNDA:8,get totalKills
FNDA:12,get players
FNDA:0,get historicPlayers
FNDA:1,get disconnectedPlayers
FNDA:13,get killByMean
FNDA:187,addPlayer
FNDA:215,getPlayerById
FNDA:40,updatePlayerName
FNDA:8,removePlayer
FNDA:165,eventKill
FNDA:165,addKillByMean
FNDA:6,get resumeScore
FNDA:6,get engGameScore
DA:1,1
DA:2,1
DA:3,1
DA:4,1
DA:5,1
DA:6,1
DA:7,1
DA:8,1
DA:9,1
DA:10,17
DA:11,1
DA:12,1
DA:13,17
DA:14,17
DA:15,17
DA:16,17
DA:17,1
DA:18,1
DA:19,1
DA:20,1
DA:21,1
DA:22,1
DA:23,1
DA:24,1
DA:25,1
DA:26,1
DA:27,8
DA:28,8
DA:29,1
DA:30,1
DA:31,12
DA:32,12
DA:33,1
DA:34,1
DA:35,0
DA:36,0
DA:37,1
DA:38,1
DA:39,1
DA:40,1
DA:41,1
DA:42,1
DA:43,13
DA:44,13
DA:45,1
DA:46,1
DA:47,187
DA:48,187
DA:49,187
DA:50,1
DA:51,1
DA:52,215
DA:53,215
DA:54,0
DA:55,0
DA:56,215
DA:57,215
DA:58,1
DA:59,1
DA:60,40
DA:61,40
DA:62,40
DA:63,1
DA:64,1
DA:65,8
DA:66,8
DA:67,8
DA:68,59
DA:69,59
DA:70,8
DA:71,1
DA:72,1
DA:73,165
DA:74,41
DA:75,41
DA:76,41
DA:77,41
DA:78,41
DA:79,41
DA:80,165
DA:81,165
DA:82,165
DA:83,1
DA:84,1
DA:85,165
DA:86,165
DA:87,25
DA:88,25
DA:89,25
DA:90,25
DA:91,165
DA:92,1
DA:93,1
DA:94,6
DA:95,6
DA:96,6
DA:97,6
DA:98,6
DA:99,6
DA:100,6
DA:101,6
DA:102,6
DA:103,22
DA:104,22
DA:105,22
DA:106,20
DA:107,20
DA:108,20
DA:109,20
DA:110,22
DA:111,6
DA:112,6
DA:113,6
DA:114,6
DA:115,6
DA:116,6
DA:117,6
DA:118,6
DA:119,1
DA:120,1
DA:121,6
DA:122,6
DA:123,6
DA:124,6
DA:125,6
DA:126,6
DA:127,6
DA:128,6
DA:129,6
DA:130,6
DA:131,6
DA:132,6
DA:133,1
DA:134,1
DA:135,1
LF:135
LH:131
BRDA:135,0,0,2
BRDA:135,1,0,2
BRDA:135,2,0,0
BRDA:9,3,0,17
BRDA:12,4,0,17
BRDA:18,5,0,1
BRDA:22,6,0,1
BRDA:26,7,0,8
BRDA:30,8,0,12
BRDA:38,9,0,1
BRDA:42,10,0,13
BRDA:46,11,0,187
BRDA:51,12,0,215
BRDA:53,13,0,0
BRDA:52,14,0,524
BRDA:59,15,0,40
BRDA:64,16,0,8
BRDA:67,17,0,59
BRDA:72,18,0,165
BRDA:73,19,0,164
BRDA:73,20,0,124
BRDA:73,21,0,41
BRDA:84,22,0,165
BRDA:86,23,0,164
BRDA:86,24,0,140
BRDA:86,25,0,25
BRDA:93,26,0,6
BRDA:102,27,0,22
BRDA:105,28,0,2
BRDA:105,29,0,20
BRDA:120,30,0,6
BRDA:128,31,0,15
BRDA:129,32,0,15
BRF:33
BRH:31
end_of_record
TN:
SF:src/app/components/Player.ts
FN:7,Player
FN:14,get id
FN:18,get name
FN:22,set name
FN:26,get kills
FN:30,get score
FN:36,addKill
FN:40,subtractKill
FN:44,addDeath
FNF:9
FNH:8
FNDA:188,Player
FNDA:525,get id
FNDA:26,get name
FNDA:40,set name
FNDA:24,get kills
FNDA:15,get score
FNDA:124,addKill
FNDA:41,subtractKill
FNDA:0,addDeath
DA:1,1
DA:2,1
DA:3,1
DA:4,1
DA:5,1
DA:6,1
DA:7,1
DA:8,188
DA:9,188
DA:10,188
DA:11,188
DA:12,188
DA:13,1
DA:14,1
DA:15,525
DA:16,525
DA:17,1
DA:18,1
DA:19,26
DA:20,26
DA:21,1
DA:22,1
DA:23,40
DA:24,40
DA:25,1
DA:26,1
DA:27,24
DA:28,24
DA:29,1
DA:30,1
DA:31,15
DA:32,15
DA:33,15
DA:34,15
DA:35,1
DA:36,1
DA:37,124
DA:38,124
DA:39,1
DA:40,1
DA:41,41
DA:42,41
DA:43,1
DA:44,1
DA:45,0
DA:46,0
DA:47,1
DA:48,1
DA:49,1
LF:49
LH:47
BRDA:49,0,0,3
BRDA:7,1,0,188
BRDA:14,2,0,525
BRDA:18,3,0,26
BRDA:22,4,0,40
BRDA:26,5,0,24
BRDA:30,6,0,15
BRDA:36,7,0,124
BRDA:40,8,0,41
BRF:9
BRH:9
end_of_record
TN:
SF:src/app/utils/utils.ts
FN:46,_getRequireWildcardCache
FN:46,_getRequireWildcardCache
FN:46,_interopRequireWildcard
FN:17,fileTest
FNF:4
FNH:4
FNDA:2,_getRequireWildcardCache
FNDA:2,_getRequireWildcardCache
FNDA:4,_interopRequireWildcard
FNDA:8,fileTest
DA:1,1
DA:2,1
DA:3,1
DA:4,1
DA:5,1
DA:6,1
DA:7,1
DA:8,1
DA:9,1
DA:10,1
DA:11,1
DA:12,1
DA:13,1
DA:14,1
DA:15,1
DA:16,1
DA:17,1
DA:18,1
DA:19,1
DA:20,1
DA:21,1
DA:22,1
DA:23,1
DA:24,1
DA:25,1
DA:26,1
DA:27,1
DA:28,1
DA:29,1
DA:30,1
DA:31,1
DA:32,1
DA:33,1
DA:34,1
DA:35,1
DA:36,1
DA:37,1
DA:38,1
DA:39,1
DA:40,1
DA:41,1
DA:42,1
DA:43,1
DA:44,1
DA:45,1
DA:46,1
LF:46
LH:46
BRDA:46,0,0,2
BRDA:46,1,0,2
BRDA:46,2,0,0
BRDA:46,3,0,2
BRDA:46,4,0,4
BRDA:46,5,0,0
BRDA:46,6,0,0
BRDA:46,7,0,0
BRDA:46,8,0,0
BRDA:46,9,0,218
BRDA:46,10,0,0
BRDA:46,11,0,208
BRDA:46,12,0,10
BRDA:46,13,0,208
BRDA:17,14,0,8
BRDA:22,15,0,2
BRF:16
BRH:10
end_of_record
